<?xml version="1.0" encoding="UTF-8"?>
<!-- Generated by org.testng.reporters.JUnitReportReporter -->
<testsuite hostname="DESKTOP-8JDMI1P" failures="0" tests="1" name="AmazonLoginSel.TestlogTest" time="0.024" errors="0" timestamp="2024-08-04T19:14:17 IST" skipped="0">
  <testcase classname="AmazonLoginSel.TestlogTest" name="f" time="0.024"/>
  <system-out/>
</testsuite> <!-- AmazonLoginSel.TestlogTest -->
